{"meta": {"format": 3, "version": "7.13.5", "timestamp": "2026-05-04T16:52:47.021231", "branch_coverage": false, "show_contexts": false}, "files": {"src\\contentcreajudge\\__init__.py": {"executed_lines": [], "summary": {"covered_lines": 0, "num_statements": 0, "percent_covered": 100.0, "percent_covered_display": "100", "missing_lines": 0, "excluded_lines": 0, "percent_statements_covered": 100.0, "percent_statements_covered_display": "100"}, "missing_lines": [], "excluded_lines": [], "functions": {"": {"executed_lines": [], "summary": {"covered_lines": 0, "num_statements": 0, "percent_covered": 100.0, "percent_covered_display": "100", "missing_lines": 0, "excluded_lines": 0, "percent_statements_covered": 100.0, "percent_statements_covered_display": "100"}, "missing_lines": [], "excluded_lines": [], "start_line": 1}}, "classes": {"": {"executed_lines": [], "summary": {"covered_lines": 0, "num_statements": 0, "percent_covered": 100.0, "percent_covered_display": "100", "missing_lines": 0, "excluded_lines": 0, "percent_statements_covered": 100.0, "percent_statements_covered_display": "100"}, "missing_lines": [], "excluded_lines": [], "start_line": 1}}}, "src\\contentcreajudge\\__main__.py": {"executed_lines": [], "summary": {"covered_lines": 0, "num_statements": 5, "percent_covered": 0.0, "percent_covered_display": "0", "missing_lines": 5, "excluded_lines": 0, "percent_statements_covered": 0.0, "percent_statements_covered_display": "0"}, "missing_lines": [3, 6, 8, 16, 17], "excluded_lines": [], "functions": {"main": {"executed_lines": [], "summary": {"covered_lines": 0, "num_statements": 1, "percent_covered": 0.0, "percent_covered_display": "0", "missing_lines": 1, "excluded_lines": 0, "percent_statements_covered": 0.0, "percent_statements_covered_display": "0"}, "missing_lines": [8], "excluded_lines": [], "start_line": 6}, "": {"executed_lines": [], "summary": {"covered_lines": 0, "num_statements": 4, "percent_covered": 0.0, "percent_covered_display": "0", "missing_lines": 4, "excluded_lines": 0, "percent_statements_covered": 0.0, "percent_statements_covered_display": "0"}, "missing_lines": [3, 6, 16, 17], "excluded_lines": [], "start_line": 1}}, "classes": {"": {"executed_lines": [], "summary": {"covered_lines": 0, "num_statements": 5, "percent_covered": 0.0, "percent_covered_display": "0", "missing_lines": 5, "excluded_lines": 0, "percent_statements_covered": 0.0, "percent_statements_covered_display": "0"}, "missing_lines": [3, 6, 8, 16, 17], "excluded_lines": [], "start_line": 1}}}, "src\\contentcreajudge\\preprocessing\\seo_preprocessor.py": {"executed_lines": [3, 5, 6, 7, 9, 11, 13, 14, 17, 19, 22, 24, 26, 27, 28, 29, 31, 34, 36, 38, 39, 40, 42, 43, 44, 45, 47, 50, 58, 59, 60, 62, 63, 65, 66, 67, 69, 70, 71, 72, 74, 77, 78, 79, 80, 83, 89, 95, 96, 102, 104, 106, 107, 108, 109, 111, 112, 113, 115, 117, 118, 119, 120, 121, 123, 124, 125, 126, 128, 136, 139, 141, 142, 143, 146, 148, 149, 151, 152, 154, 155, 158, 160, 163, 169, 173, 178, 183, 185, 187, 197, 199, 205, 207, 209, 210, 212, 213, 215, 216, 221, 225, 234, 237, 241, 246, 249, 255, 257, 258, 259, 260, 261, 262, 270, 274, 275, 278, 280, 281, 284, 290, 292, 293, 295, 296, 298, 299, 301, 302, 304, 305, 306, 307, 309, 310, 311, 313, 323, 324, 326, 327, 329, 332, 337, 344, 349, 351, 352, 353, 354, 355, 357, 358, 359, 361, 363, 372, 382, 388, 394, 395, 399, 405, 410], "summary": {"covered_lines": 165, "num_statements": 166, "percent_covered": 99.39759036144578, "percent_covered_display": "99", "missing_lines": 1, "excluded_lines": 0, "percent_statements_covered": 99.39759036144578, "percent_statements_covered_display": "99"}, "missing_lines": [99], "excluded_lines": [], "functions": {"_normalize_text": {"executed_lines": [13, 14], "summary": {"covered_lines": 2, "num_statements": 2, "percent_covered": 100.0, "percent_covered_display": "100", "missing_lines": 0, "excluded_lines": 0, "percent_statements_covered": 100.0, "percent_statements_covered_display": "100"}, "missing_lines": [], "excluded_lines": [], "start_line": 11}, "_extract_body_text": {"executed_lines": [19], "summary": {"covered_lines": 1, "num_statements": 1, "percent_covered": 100.0, "percent_covered_display": "100", "missing_lines": 0, "excluded_lines": 0, "percent_statements_covered": 100.0, "percent_statements_covered_display": "100"}, "missing_lines": [], "excluded_lines": [], "start_line": 17}, "_extract_headings_h2_h3": {"executed_lines": [24, 26, 27, 28, 29, 31], "summary": {"covered_lines": 6, "num_statements": 6, "percent_covered": 100.0, "percent_covered_display": "100", "missing_lines": 0, "excluded_lines": 0, "percent_statements_covered": 100.0, "percent_statements_covered_display": "100"}, "missing_lines": [], "excluded_lines": [], "start_line": 22}, "_extract_introduction": {"executed_lines": [36, 38, 39, 40, 42, 43, 44, 45, 47], "summary": {"covered_lines": 9, "num_statements": 9, "percent_covered": 100.0, "percent_covered_display": "100", "missing_lines": 0, "excluded_lines": 0, "percent_statements_covered": 100.0, "percent_statements_covered_display": "100"}, "missing_lines": [], "excluded_lines": [], "start_line": 34}, "_extract_conclusion": {"executed_lines": [58, 59, 60, 62, 77, 78, 79, 80, 83, 89, 95, 96], "summary": {"covered_lines": 12, "num_statements": 13, "percent_covered": 92.3076923076923, "percent_covered_display": "92", "missing_lines": 1, "excluded_lines": 0, "percent_statements_covered": 92.3076923076923, "percent_statements_covered_display": "92"}, "missing_lines": [99], "excluded_lines": [], "start_line": 50}, "_extract_conclusion._collect_section_text": {"executed_lines": [63, 65, 66, 67, 69, 70, 71, 72, 74], "summary": {"covered_lines": 9, "num_statements": 9, "percent_covered": 100.0, "percent_covered_display": "100", "missing_lines": 0, "excluded_lines": 0, "percent_statements_covered": 100.0, "percent_statements_covered_display": "100"}, "missing_lines": [], "excluded_lines": [], "start_line": 62}, "_extract_h2_sections": {"executed_lines": [104, 106, 107, 108, 109, 111, 112, 113, 115, 117, 118, 119, 120, 121, 123, 124, 125, 126, 128, 136], "summary": {"covered_lines": 20, "num_statements": 20, "percent_covered": 100.0, "percent_covered_display": "100", "missing_lines": 0, "excluded_lines": 0, "percent_statements_covered": 100.0, "percent_statements_covered_display": "100"}, "missing_lines": [], "excluded_lines": [], "start_line": 102}, "_normalize_for_matching": {"executed_lines": [141, 142, 143], "summary": {"covered_lines": 3, "num_statements": 3, "percent_covered": 100.0, "percent_covered_display": "100", "missing_lines": 0, "excluded_lines": 0, "percent_statements_covered": 100.0, "percent_statements_covered_display": "100"}, "missing_lines": [], "excluded_lines": [], "start_line": 139}, "_count_exact_phrase_occurrences": {"executed_lines": [148, 149, 151, 152, 154, 155], "summary": {"covered_lines": 6, "num_statements": 6, "percent_covered": 100.0, "percent_covered_display": "100", "missing_lines": 0, "excluded_lines": 0, "percent_statements_covered": 100.0, "percent_statements_covered_display": "100"}, "missing_lines": [], "excluded_lines": [], "start_line": 146}, "_is_keyword_present": {"executed_lines": [160], "summary": {"covered_lines": 1, "num_statements": 1, "percent_covered": 100.0, "percent_covered_display": "100", "missing_lines": 0, "excluded_lines": 0, "percent_statements_covered": 100.0, "percent_statements_covered_display": "100"}, "missing_lines": [], "excluded_lines": [], "start_line": 158}, "_build_keyword_occurrence_map": {"executed_lines": [169, 173, 178], "summary": {"covered_lines": 3, "num_statements": 3, "percent_covered": 100.0, "percent_covered_display": "100", "missing_lines": 0, "excluded_lines": 0, "percent_statements_covered": 100.0, "percent_statements_covered_display": "100"}, "missing_lines": [], "excluded_lines": [], "start_line": 163}, "_is_utility_section": {"executed_lines": [185, 187, 197], "summary": {"covered_lines": 3, "num_statements": 3, "percent_covered": 100.0, "percent_covered_display": "100", "missing_lines": 0, "excluded_lines": 0, "percent_statements_covered": 100.0, "percent_statements_covered_display": "100"}, "missing_lines": [], "excluded_lines": [], "start_line": 183}, "_build_section_keyword_distribution": {"executed_lines": [205, 207, 209, 210, 212, 213, 215, 216, 221, 225, 234], "summary": {"covered_lines": 11, "num_statements": 11, "percent_covered": 100.0, "percent_covered_display": "100", "missing_lines": 0, "excluded_lines": 0, "percent_statements_covered": 100.0, "percent_statements_covered_display": "100"}, "missing_lines": [], "excluded_lines": [], "start_line": 199}, "_detect_single_section_concentration": {"executed_lines": [241, 246], "summary": {"covered_lines": 2, "num_statements": 2, "percent_covered": 100.0, "percent_covered_display": "100", "missing_lines": 0, "excluded_lines": 0, "percent_statements_covered": 100.0, "percent_statements_covered_display": "100"}, "missing_lines": [], "excluded_lines": [], "start_line": 237}, "_detect_forbidden_keyword_emphasis": {"executed_lines": [255, 257, 258, 259, 260, 261, 262, 270], "summary": {"covered_lines": 8, "num_statements": 8, "percent_covered": 100.0, "percent_covered_display": "100", "missing_lines": 0, "excluded_lines": 0, "percent_statements_covered": 100.0, "percent_statements_covered_display": "100"}, "missing_lines": [], "excluded_lines": [], "start_line": 249}, "_split_text_into_words": {"executed_lines": [280, 281], "summary": {"covered_lines": 2, "num_statements": 2, "percent_covered": 100.0, "percent_covered_display": "100", "missing_lines": 0, "excluded_lines": 0, "percent_statements_covered": 100.0, "percent_statements_covered_display": "100"}, "missing_lines": [], "excluded_lines": [], "start_line": 278}, "_build_semantic_chunks": {"executed_lines": [290, 292, 293, 295, 296, 298, 299, 301, 302, 304, 305, 306, 307, 309, 310, 311, 313, 323, 324, 326, 327, 329], "summary": {"covered_lines": 22, "num_statements": 22, "percent_covered": 100.0, "percent_covered_display": "100", "missing_lines": 0, "excluded_lines": 0, "percent_statements_covered": 100.0, "percent_statements_covered_display": "100"}, "missing_lines": [], "excluded_lines": [], "start_line": 284}, "_build_semantic_inputs": {"executed_lines": [337], "summary": {"covered_lines": 1, "num_statements": 1, "percent_covered": 100.0, "percent_covered_display": "100", "missing_lines": 0, "excluded_lines": 0, "percent_statements_covered": 100.0, "percent_statements_covered_display": "100"}, "missing_lines": [], "excluded_lines": [], "start_line": 332}, "preprocess_seo_content": {"executed_lines": [349, 351, 352, 353, 354, 355, 357, 358, 359, 361, 363, 372, 382, 388, 394, 395, 399, 405, 410], "summary": {"covered_lines": 19, "num_statements": 19, "percent_covered": 100.0, "percent_covered_display": "100", "missing_lines": 0, "excluded_lines": 0, "percent_statements_covered": 100.0, "percent_statements_covered_display": "100"}, "missing_lines": [], "excluded_lines": [], "start_line": 344}, "": {"executed_lines": [3, 5, 6, 7, 9, 11, 17, 22, 34, 50, 102, 139, 146, 158, 163, 183, 199, 237, 249, 274, 275, 278, 284, 332, 344], "summary": {"covered_lines": 25, "num_statements": 25, "percent_covered": 100.0, "percent_covered_display": "100", "missing_lines": 0, "excluded_lines": 0, "percent_statements_covered": 100.0, "percent_statements_covered_display": "100"}, "missing_lines": [], "excluded_lines": [], "start_line": 1}}, "classes": {"": {"executed_lines": [3, 5, 6, 7, 9, 11, 13, 14, 17, 19, 22, 24, 26, 27, 28, 29, 31, 34, 36, 38, 39, 40, 42, 43, 44, 45, 47, 50, 58, 59, 60, 62, 63, 65, 66, 67, 69, 70, 71, 72, 74, 77, 78, 79, 80, 83, 89, 95, 96, 102, 104, 106, 107, 108, 109, 111, 112, 113, 115, 117, 118, 119, 120, 121, 123, 124, 125, 126, 128, 136, 139, 141, 142, 143, 146, 148, 149, 151, 152, 154, 155, 158, 160, 163, 169, 173, 178, 183, 185, 187, 197, 199, 205, 207, 209, 210, 212, 213, 215, 216, 221, 225, 234, 237, 241, 246, 249, 255, 257, 258, 259, 260, 261, 262, 270, 274, 275, 278, 280, 281, 284, 290, 292, 293, 295, 296, 298, 299, 301, 302, 304, 305, 306, 307, 309, 310, 311, 313, 323, 324, 326, 327, 329, 332, 337, 344, 349, 351, 352, 353, 354, 355, 357, 358, 359, 361, 363, 372, 382, 388, 394, 395, 399, 405, 410], "summary": {"covered_lines": 165, "num_statements": 166, "percent_covered": 99.39759036144578, "percent_covered_display": "99", "missing_lines": 1, "excluded_lines": 0, "percent_statements_covered": 99.39759036144578, "percent_statements_covered_display": "99"}, "missing_lines": [99], "excluded_lines": [], "start_line": 1}}}}, "totals": {"covered_lines": 165, "num_statements": 171, "percent_covered": 96.49122807017544, "percent_covered_display": "96", "missing_lines": 6, "excluded_lines": 0, "percent_statements_covered": 96.49122807017544, "percent_statements_covered_display": "96"}}